Added Component: Designator=BQ1(*XTAL_NX2520SA-24.000000MHZ-B8)
Add component. Clean all parameters for all variants
Add component (AddParameter): Name = "Availability"; Value = "Unavailable"; VariantName = "[No Variations]"
Add component (AddParameter): Name = "MF"; Value = "NDK America, Inc."; VariantName = "[No Variations]"
Add component (AddParameter): Name = "MP"; Value = "NX2520SA-24.000000MHZ-B8"; VariantName = "[No Variations]"
Add component (AddParameter): Name = "Package"; Value = "SMD-4 NDK America, Inc."; VariantName = "[No Variations]"
Add component (AddParameter): Name = "Price"; Value = "None"; VariantName = "[No Variations]"
Add component (AddParameter): Name = "SnapEDA_Link"; Value = "https://www.snapeda.com/parts/NX2520SA-24.000000MHZ-B8/NDK%20America%2C%20Inc./view-part/?ref=snap"; VariantName = "[No Variations]"
Add component (AddParameter): Name = "Value"; Value = ""; VariantName = "[No Variations]"
Added Component: Designator=C1(CAPC1608X09L)
Add component. Clean all parameters for all variants
Add component (AddParameter): Name = "ComponentLink1Description"; Value = "buy"; VariantName = "[No Variations]"
Add component (AddParameter): Name = "ComponentLink1URL"; Value = "https://www.chipdip.ru/product/grm1887u1h472ja01d"; VariantName = "[No Variations]"
Add component (AddParameter): Name = "PartNo"; Value = ""; VariantName = "[No Variations]"
Add component (AddParameter): Name = "Supplier 1"; Value = ""; VariantName = "[No Variations]"
Add component (AddParameter): Name = "Supplier Part Number 1"; Value = ""; VariantName = "[No Variations]"
Add component (AddParameter): Name = "Tolerance"; Value = "±10%"; VariantName = "[No Variations]"
Add component (AddParameter): Name = "Type"; Value = ""; VariantName = "[No Variations]"
Add component (AddParameter): Name = "Value"; Value = "4.7n"; VariantName = "[No Variations]"
Add component (AddParameter): Name = "Voltage"; Value = ""; VariantName = "[No Variations]"
Add component (AddParameter): Name = "РКД Наименование"; Value = "CC1608M - NP0 - 16 V - 4.7 nF ±10%"; VariantName = "[No Variations]"
Add component (AddParameter): Name = "ТКЕ"; Value = "X7R"; VariantName = "[No Variations]"
Added Component: Designator=C5(CAPC1608X09L)
Add component. Clean all parameters for all variants
Add component (AddParameter): Name = "ComponentLink1Description"; Value = "buy"; VariantName = "[No Variations]"
Add component (AddParameter): Name = "ComponentLink1URL"; Value = "https://www.chipdip.ru/product/grm188r61e106m"; VariantName = "[No Variations]"
Add component (AddParameter): Name = "GRM21BR71C105KA01L"; Value = "10u"; VariantName = "[No Variations]"
Add component (AddParameter): Name = "PartNo"; Value = ""; VariantName = "[No Variations]"
Add component (AddParameter): Name = "Supplier 1"; Value = ""; VariantName = "[No Variations]"
Add component (AddParameter): Name = "Supplier Part Number 1"; Value = ""; VariantName = "[No Variations]"
Add component (AddParameter): Name = "Tolerance"; Value = "±10%"; VariantName = "[No Variations]"
Add component (AddParameter): Name = "Type"; Value = ""; VariantName = "[No Variations]"
Add component (AddParameter): Name = "Voltage"; Value = ""; VariantName = "[No Variations]"
Add component (AddParameter): Name = "РКД Наименование"; Value = "CC1608M - NP0 - 16 V - 10 nF ±10%"; VariantName = "[No Variations]"
Add component (AddParameter): Name = "ТКЕ"; Value = "X7R"; VariantName = "[No Variations]"
Added Component: Designator=C6(CAPC1608X09L)
Add component. Clean all parameters for all variants
Add component (AddParameter): Name = "ComponentLink1Description"; Value = "buy"; VariantName = "[No Variations]"
Add component (AddParameter): Name = "ComponentLink1URL"; Value = "https://www.chipdip.ru/product/grm188r71h104k"; VariantName = "[No Variations]"
Add component (AddParameter): Name = "GRM21BR71C105KA01L"; Value = "100n"; VariantName = "[No Variations]"
Add component (AddParameter): Name = "PartNo"; Value = ""; VariantName = "[No Variations]"
Add component (AddParameter): Name = "Supplier 1"; Value = ""; VariantName = "[No Variations]"
Add component (AddParameter): Name = "Supplier Part Number 1"; Value = ""; VariantName = "[No Variations]"
Add component (AddParameter): Name = "Tolerance"; Value = "±10%"; VariantName = "[No Variations]"
Add component (AddParameter): Name = "Type"; Value = ""; VariantName = "[No Variations]"
Add component (AddParameter): Name = "Voltage"; Value = ""; VariantName = "[No Variations]"
Add component (AddParameter): Name = "РКД Наименование"; Value = "CC1608M - NP0 - 16 V - 10 nF ±10%"; VariantName = "[No Variations]"
Add component (AddParameter): Name = "ТКЕ"; Value = "X7R"; VariantName = "[No Variations]"
Added Component: Designator=C9(CAPC1608X09L)
Add component. Clean all parameters for all variants
Add component (AddParameter): Name = "ComponentLink1Description"; Value = "buy"; VariantName = "[No Variations]"
Add component (AddParameter): Name = "ComponentLink1URL"; Value = "https://www.chipdip.ru/product/grm1885c1h510j"; VariantName = "[No Variations]"
Add component (AddParameter): Name = "GRM21BR71C105KA01L"; Value = "50p"; VariantName = "[No Variations]"
Add component (AddParameter): Name = "PartNo"; Value = ""; VariantName = "[No Variations]"
Add component (AddParameter): Name = "Supplier 1"; Value = ""; VariantName = "[No Variations]"
Add component (AddParameter): Name = "Supplier Part Number 1"; Value = ""; VariantName = "[No Variations]"
Add component (AddParameter): Name = "Tolerance"; Value = "±10%"; VariantName = "[No Variations]"
Add component (AddParameter): Name = "Type"; Value = ""; VariantName = "[No Variations]"
Add component (AddParameter): Name = "Voltage"; Value = ""; VariantName = "[No Variations]"
Add component (AddParameter): Name = "РКД Наименование"; Value = "CC1608M - NP0 - 16 V - 10 nF ±10%"; VariantName = "[No Variations]"
Add component (AddParameter): Name = "ТКЕ"; Value = "X7R"; VariantName = "[No Variations]"
Added Component: Designator=C10(CAPC1608X09L)
Add component. Clean all parameters for all variants
Add component (AddParameter): Name = "ComponentLink1Description"; Value = "buy"; VariantName = "[No Variations]"
Add component (AddParameter): Name = "ComponentLink1URL"; Value = "https://www.chipdip.ru/product/grm1885c2a150j"; VariantName = "[No Variations]"
Add component (AddParameter): Name = "GRM21BR71C105KA01L"; Value = "15p"; VariantName = "[No Variations]"
Add component (AddParameter): Name = "PartNo"; Value = ""; VariantName = "[No Variations]"
Add component (AddParameter): Name = "Supplier 1"; Value = ""; VariantName = "[No Variations]"
Add component (AddParameter): Name = "Supplier Part Number 1"; Value = ""; VariantName = "[No Variations]"
Add component (AddParameter): Name = "Tolerance"; Value = "±10%"; VariantName = "[No Variations]"
Add component (AddParameter): Name = "Type"; Value = ""; VariantName = "[No Variations]"
Add component (AddParameter): Name = "Voltage"; Value = ""; VariantName = "[No Variations]"
Add component (AddParameter): Name = "РКД Наименование"; Value = "CC1608M - NP0 - 16 V - 10 nF ±10%"; VariantName = "[No Variations]"
Add component (AddParameter): Name = "ТКЕ"; Value = "X7R"; VariantName = "[No Variations]"
Added Component: Designator=C12(CAPC1608X09L)
Add component. Clean all parameters for all variants
Add component (AddParameter): Name = "ComponentLink1Description"; Value = "buy"; VariantName = "[No Variations]"
Add component (AddParameter): Name = "ComponentLink1URL"; Value = "https://www.chipdip.ru/product/grm188r71h104khttps://www.chipdip.ru/product/grm188r71h104k"; VariantName = "[No Variations]"
Add component (AddParameter): Name = "GRM21BR71C105KA01L"; Value = "0.1u"; VariantName = "[No Variations]"
Add component (AddParameter): Name = "PartNo"; Value = ""; VariantName = "[No Variations]"
Add component (AddParameter): Name = "Supplier 1"; Value = ""; VariantName = "[No Variations]"
Add component (AddParameter): Name = "Supplier Part Number 1"; Value = ""; VariantName = "[No Variations]"
Add component (AddParameter): Name = "Tolerance"; Value = "±10%"; VariantName = "[No Variations]"
Add component (AddParameter): Name = "Type"; Value = ""; VariantName = "[No Variations]"
Add component (AddParameter): Name = "Voltage"; Value = ""; VariantName = "[No Variations]"
Add component (AddParameter): Name = "РКД Наименование"; Value = "CC1608M - NP0 - 16 V - 10 nF ±10%"; VariantName = "[No Variations]"
Add component (AddParameter): Name = "ТКЕ"; Value = "X7R"; VariantName = "[No Variations]"
Added Component: Designator=C13(CAPC1608X09L)
Add component. Clean all parameters for all variants
Add component (AddParameter): Name = "ComponentLink1Description"; Value = "buy"; VariantName = "[No Variations]"
Add component (AddParameter): Name = "ComponentLink1URL"; Value = "https://www.chipdip.ru/product/grm188r71h104k"; VariantName = "[No Variations]"
Add component (AddParameter): Name = "GRM21BR71C105KA01L"; Value = "0.1u"; VariantName = "[No Variations]"
Add component (AddParameter): Name = "PartNo"; Value = ""; VariantName = "[No Variations]"
Add component (AddParameter): Name = "Supplier 1"; Value = ""; VariantName = "[No Variations]"
Add component (AddParameter): Name = "Supplier Part Number 1"; Value = ""; VariantName = "[No Variations]"
Add component (AddParameter): Name = "Tolerance"; Value = "±10%"; VariantName = "[No Variations]"
Add component (AddParameter): Name = "Type"; Value = ""; VariantName = "[No Variations]"
Add component (AddParameter): Name = "Voltage"; Value = ""; VariantName = "[No Variations]"
Add component (AddParameter): Name = "РКД Наименование"; Value = "CC1608M - NP0 - 16 V - 10 nF ±10%"; VariantName = "[No Variations]"
Add component (AddParameter): Name = "ТКЕ"; Value = "X7R"; VariantName = "[No Variations]"
Added Component: Designator=DA1(SOT95P280X145-6N)
Add component. Clean all parameters for all variants
Add component (AddParameter): Name = "Breakdown Voltage"; Value = "6V"; VariantName = "[No Variations]"
Add component (AddParameter): Name = "Capacitance"; Value = "3.5pF"; VariantName = "[No Variations]"
Add component (AddParameter): Name = "Case/Package"; Value = "SOT-23"; VariantName = "[No Variations]"
Add component (AddParameter): Name = "Clamping Voltage"; Value = "17V"; VariantName = "[No Variations]"
Add component (AddParameter): Name = "ComponentLink1Description"; Value = "http://www.farnell.com/datasheets/1690354.pdf"; VariantName = "[No Variations]"
Add component (AddParameter): Name = "ComponentLink1URL"; Value = "http://www.farnell.com/datasheets/1690354.pdf"; VariantName = "[No Variations]"
Add component (AddParameter): Name = "ComponentLink2Description"; Value = "http://www.st.com/content/ccc/resource/technical/document/datasheet/06/1d/48/9c/6c/20/4a/b2/CD00050750.pdf/files/CD00050750.pdf/jcr:content/translations/en.CD00050750.pdf"; VariantName = "[No Variations]"
Add component (AddParameter): Name = "ComponentLink2URL"; Value = "http://www.st.com/content/ccc/resource/technical/document/datasheet/06/1d/48/9c/6c/20/4a/b2/CD00050750.pdf/files/CD00050750.pdf/jcr:content/translations/en.CD00050750.pdf"; VariantName = "[No Variations]"
Add component (AddParameter): Name = "ComponentLink3Description"; Value = "http://www.st.com/web/en/resource/technical/document/datasheet/CD00050750.pdf"; VariantName = "[No Variations]"
Add component (AddParameter): Name = "ComponentLink3URL"; Value = "http://www.st.com/web/en/resource/technical/document/datasheet/CD00050750.pdf"; VariantName = "[No Variations]"
Add component (AddParameter): Name = "ComponentLink4Description"; Value = "http://datasheet.iiic.cc/stmicroelectronics/USBLC6-2SC6.pdf"; VariantName = "[No Variations]"
Add component (AddParameter): Name = "ComponentLink4URL"; Value = "http://datasheet.iiic.cc/stmicroelectronics/USBLC6-2SC6.pdf"; VariantName = "[No Variations]"
Add component (AddParameter): Name = "ComponentLink5Description"; Value = "http://www.produktinfo.conrad.com/datenblaetter/1100000-1199999/001184109-da-01-en-IC_ESD_PROTECTI_USBLC6_2SC6_SOT_23_6_STM.pdf"; VariantName = "[No Variations]"
Add component (AddParameter): Name = "ComponentLink5URL"; Value = "http://www.produktinfo.conrad.com/datenblaetter/1100000-1199999/001184109-da-01-en-IC_ESD_PROTECTI_USBLC6_2SC6_SOT_23_6_STM.pdf"; VariantName = "[No Variations]"
Add component (AddParameter): Name = "Contact Plating"; Value = "Matte,Tin"; VariantName = "[No Variations]"
Add component (AddParameter): Name = "Data Rate"; Value = "480Mbps"; VariantName = "[No Variations]"
Add component (AddParameter): Name = "Depth"; Value = "1.75mm"; VariantName = "[No Variations]"
Add component (AddParameter): Name = "Direction"; Value = "Bidirectional,Unidirectional"; VariantName = "[No Variations]"
Add component (AddParameter): Name = "Element Configuration"; Value = "Dual"; VariantName = "[No Variations]"
Add component (AddParameter): Name = "ESD Protection"; Value = "Yes"; VariantName = "[No Variations]"
Add component (AddParameter): Name = "Height"; Value = "1.3mm"; VariantName = "[No Variations]"
Add component (AddParameter): Name = "Lead Free"; Value = "Lead Free"; VariantName = "[No Variations]"
Add component (AddParameter): Name = "Leakage Current"; Value = "150nA"; VariantName = "[No Variations]"
Add component (AddParameter): Name = "Length"; Value = "3.05mm"; VariantName = "[No Variations]"
Add component (AddParameter): Name = "Manufacturer"; Value = "STMicroelectronics"; VariantName = "[No Variations]"
Add component (AddParameter): Name = "Manufacturer Part Number"; Value = "USBLC6-2SC6"; VariantName = "[No Variations]"
Add component (AddParameter): Name = "Max Breakdown Voltage"; Value = "6V"; VariantName = "[No Variations]"
Add component (AddParameter): Name = "Max Operating Temperature"; Value = "125°C"; VariantName = "[No Variations]"
Add component (AddParameter): Name = "Max Reverse Leakage Current"; Value = "150nA"; VariantName = "[No Variations]"
Add component (AddParameter): Name = "Min Breakdown Voltage"; Value = "6V"; VariantName = "[No Variations]"
Add component (AddParameter): Name = "Min Operating Temperature"; Value = "-40°C"; VariantName = "[No Variations]"
Add component (AddParameter): Name = "Mount"; Value = "Surface Mount"; VariantName = "[No Variations]"
Add component (AddParameter): Name = "Number of Bidirectional Channels"; Value = "2"; VariantName = "[No Variations]"
Add component (AddParameter): Name = "Number of Channels"; Value = "2"; VariantName = "[No Variations]"
Add component (AddParameter): Name = "Number of Elements"; Value = "1"; VariantName = "[No Variations]"
Add component (AddParameter): Name = "Number of Pins"; Value = "6"; VariantName = "[No Variations]"
Add component (AddParameter): Name = "Operating Supply Voltage"; Value = "1.1V"; VariantName = "[No Variations]"
Add component (AddParameter): Name = "Package Quantity"; Value = "3000"; VariantName = "[No Variations]"
Add component (AddParameter): Name = "Packaging"; Value = "Tape and Reel"; VariantName = "[No Variations]"
Add component (AddParameter): Name = "PartNo"; Value = "USBLC6-2SC6"; VariantName = "[No Variations]"
Add component (AddParameter): Name = "Peak Pulse Current"; Value = "5A"; VariantName = "[No Variations]"
Add component (AddParameter): Name = "Polarity"; Value = "Bidirectional,Unidirectional"; VariantName = "[No Variations]"
Add component (AddParameter): Name = "Power Line Protection"; Value = "Yes"; VariantName = "[No Variations]"
Add component (AddParameter): Name = "Pricing 1"; Value = "1=0.49, 10=0.419, 100=0.3131, 500=0.24602, 1000=0.1901 (USD)"; VariantName = "[No Variations]"
Add component (AddParameter): Name = "Radiation Hardening"; Value = "No"; VariantName = "[No Variations]"
Add component (AddParameter): Name = "REACH SVHC"; Value = "No SVHC"; VariantName = "[No Variations]"
Add component (AddParameter): Name = "Reverse Breakdown Voltage"; Value = "6V"; VariantName = "[No Variations]"
Add component (AddParameter): Name = "Reverse Standoff Voltage"; Value = "5.25V"; VariantName = "[No Variations]"
Add component (AddParameter): Name = "Stock 1"; Value = "165611"; VariantName = "[No Variations]"
Add component (AddParameter): Name = "Supplier 1"; Value = "Digi-Key"; VariantName = "[No Variations]"
Add component (AddParameter): Name = "Supplier Part Number 1"; Value = "497-5235-1-ND"; VariantName = "[No Variations]"
Add component (AddParameter): Name = "Termination"; Value = "SMD/SMT"; VariantName = "[No Variations]"
Add component (AddParameter): Name = "Test Current"; Value = "1mA"; VariantName = "[No Variations]"
Add component (AddParameter): Name = "Width"; Value = "1.75mm"; VariantName = "[No Variations]"
Add component (AddParameter): Name = "Working Voltage"; Value = "5V"; VariantName = "[No Variations]"
Added Component: Designator=DD1(Microchip_SO-28_0)
Add component. Clean all parameters for all variants
Added Component: Designator=DD2(RA-02)
Add component. Clean all parameters for all variants
Added Component: Designator=R2(RESC1608X05N)
Add component. Clean all parameters for all variants
Add component (AddParameter): Name = "ComponentLink1Description"; Value = "buy"; VariantName = "[No Variations]"
Add component (AddParameter): Name = "ComponentLink1URL"; Value = "https://www.chipdip.ru/product0/9000079612"; VariantName = "[No Variations]"
Add component (AddParameter): Name = "PartNo"; Value = ""; VariantName = "[No Variations]"
Add component (AddParameter): Name = "Supplier 1"; Value = ""; VariantName = "[No Variations]"
Add component (AddParameter): Name = "Supplier Part Number 1"; Value = ""; VariantName = "[No Variations]"
Add component (AddParameter): Name = "Tolerance"; Value = "±1%"; VariantName = "[No Variations]"
Add component (AddParameter): Name = "Type"; Value = ""; VariantName = "[No Variations]"
Add component (AddParameter): Name = "Value"; Value = "22"; VariantName = "[No Variations]"
Add component (AddParameter): Name = "РКД Наименование"; Value = "RC1608M - 22 Ohm ±1%"; VariantName = "[No Variations]"
Added Component: Designator=R3(RESC1608X05N)
Add component. Clean all parameters for all variants
Add component (AddParameter): Name = "ComponentLink1Description"; Value = "buy"; VariantName = "[No Variations]"
Add component (AddParameter): Name = "ComponentLink1URL"; Value = "https://www.chipdip.ru/product0/9000079612"; VariantName = "[No Variations]"
Add component (AddParameter): Name = "PartNo"; Value = ""; VariantName = "[No Variations]"
Add component (AddParameter): Name = "Supplier 1"; Value = ""; VariantName = "[No Variations]"
Add component (AddParameter): Name = "Supplier Part Number 1"; Value = ""; VariantName = "[No Variations]"
Add component (AddParameter): Name = "Tolerance"; Value = "±1%"; VariantName = "[No Variations]"
Add component (AddParameter): Name = "Type"; Value = ""; VariantName = "[No Variations]"
Add component (AddParameter): Name = "Value"; Value = "22"; VariantName = "[No Variations]"
Add component (AddParameter): Name = "РКД Наименование"; Value = "RC1608M - 22 Ohm ±1%"; VariantName = "[No Variations]"
Added Component: Designator=R4(RESC1608X05N)
Add component. Clean all parameters for all variants
Add component (AddParameter): Name = "ComponentLink1Description"; Value = "https://www.chipdip.ru/product0/9000079616"; VariantName = "[No Variations]"
Add component (AddParameter): Name = "ComponentLink1URL"; Value = "https://www.chipdip.ru/product0/9000079616"; VariantName = "[No Variations]"
Add component (AddParameter): Name = "PartNo"; Value = ""; VariantName = "[No Variations]"
Add component (AddParameter): Name = "Supplier 1"; Value = ""; VariantName = "[No Variations]"
Add component (AddParameter): Name = "Supplier Part Number 1"; Value = ""; VariantName = "[No Variations]"
Add component (AddParameter): Name = "Tolerance"; Value = "±5%"; VariantName = "[No Variations]"
Add component (AddParameter): Name = "Type"; Value = ""; VariantName = "[No Variations]"
Add component (AddParameter): Name = "Value"; Value = "100 Ом"; VariantName = "[No Variations]"
Add component (AddParameter): Name = "РКД Наименование"; Value = "RC1608M - 100 Ohm ±5%"; VariantName = "[No Variations]"
Added Component: Designator=R5(RESC1608X05N)
Add component. Clean all parameters for all variants
Add component (AddParameter): Name = "ComponentLink1Description"; Value = "https://www.chipdip.ru/product0/9000079736"; VariantName = "[No Variations]"
Add component (AddParameter): Name = "ComponentLink1URL"; Value = "https://www.chipdip.ru/product0/9000079736"; VariantName = "[No Variations]"
Add component (AddParameter): Name = "PartNo"; Value = ""; VariantName = "[No Variations]"
Add component (AddParameter): Name = "Supplier 1"; Value = ""; VariantName = "[No Variations]"
Add component (AddParameter): Name = "Supplier Part Number 1"; Value = ""; VariantName = "[No Variations]"
Add component (AddParameter): Name = "Tolerance"; Value = "±5%"; VariantName = "[No Variations]"
Add component (AddParameter): Name = "Type"; Value = ""; VariantName = "[No Variations]"
Add component (AddParameter): Name = "Value"; Value = "10кОм"; VariantName = "[No Variations]"
Add component (AddParameter): Name = "РКД Наименование"; Value = "RC1608M - 100 Ohm ±5%"; VariantName = "[No Variations]"
Added Component: Designator=SB1(*SW_1437566-4)
Add component. Clean all parameters for all variants
Add component (AddParameter): Name = "ComponentLink1Description"; Value = "buy"; VariantName = "[No Variations]"
Add component (AddParameter): Name = "ComponentLink1URL"; Value = "https://www.chipdip.ru/product/tyco-1437566-3-fsmsm"; VariantName = "[No Variations]"
Add component (AddParameter): Name = "ComponentLink2Description"; Value = "datasheet"; VariantName = "[No Variations]"
Add component (AddParameter): Name = "ComponentLink2URL"; Value = "https://static.chipdip.ru/lib/071/DOC000071159.pdf"; VariantName = "[No Variations]"
Add component (AddParameter): Name = "Артикул"; Value = "1437566-3 (FSMSM)"; VariantName = "[No Variations]"
Add component (AddParameter): Name = "Произвдитель"; Value = "TE Connectivity"; VariantName = "[No Variations]"
Added Component: Designator=TS1(*SOT223)
Add component. Clean all parameters for all variants
Add component (AddParameter): Name = "Code_IPC"; Value = "SOT-223"; VariantName = "[No Variations]"
Add component (AddParameter): Name = "ComponentLink1Description"; Value = "buy"; VariantName = "[No Variations]"
Add component (AddParameter): Name = "ComponentLink1URL"; Value = "https://www.chipdip.ru/product/ld1117s33ctr-2"; VariantName = "[No Variations]"
Add component (AddParameter): Name = "ComponentLink2Description"; Value = "datasheet"; VariantName = "[No Variations]"
Add component (AddParameter): Name = "ComponentLink2URL"; Value = "https://static.chipdip.ru/lib/292/DOC000292513.pdf"; VariantName = "[No Variations]"
Add component (AddParameter): Name = "DatasheetVersion"; Value = "revB, Feb-2007"; VariantName = "[No Variations]"
Add component (AddParameter): Name = "PackageDescription"; Value = "3-Lead Plastic Small Outline Transistor (TT) [SOT-23]"; VariantName = "[No Variations]"
Add component (AddParameter): Name = "PackageReference"; Value = "SOT-223"; VariantName = "[No Variations]"
Add component (AddParameter): Name = "PackageVersion"; Value = "revBB, Aug-2009"; VariantName = "[No Variations]"
Add component (AddParameter): Name = "PartNumber"; Value = "LD1117S33CTR"; VariantName = "[No Variations]"
Added Component: Designator=XS1(Molex_0480372200_0)
Add component. Clean all parameters for all variants
Add component (AddParameter): Name = "ComponentLink1Description"; Value = "Upverter"; VariantName = "[No Variations]"
Add component (AddParameter): Name = "ComponentLink1URL"; Value = "https://upverter.com/upn/revision/6bade1e906f93a88/"; VariantName = "[No Variations]"
Add component (AddParameter): Name = "ComponentLink2Description"; Value = "Datasheet"; VariantName = "[No Variations]"
Add component (AddParameter): Name = "ComponentLink2URL"; Value = "http://www.molex.com/pdm_docs/sd/480372200_sd.pdf"; VariantName = "[No Variations]"
Add component (AddParameter): Name = "Current - Maximum per Contact"; Value = "1.5A"; VariantName = "[No Variations]"
Add component (AddParameter): Name = "Digikey Description"; Value = "CONN PLUG USB A 4POS SMD R/A"; VariantName = "[No Variations]"
Add component (AddParameter): Name = "Digikey Part Number"; Value = "WM3983CT-ND"; VariantName = "[No Variations]"
Add component (AddParameter): Name = "helpURL"; Value = "https://upverter.com/upn/revision/6bade1e906f93a88/"; VariantName = "[No Variations]"
Add component (AddParameter): Name = "Is Female"; Value = "yes"; VariantName = "[No Variations]"
Add component (AddParameter): Name = "Lead Free"; Value = "yes"; VariantName = "[No Variations]"
Add component (AddParameter): Name = "Manufacturer"; Value = "Molex"; VariantName = "[No Variations]"
Add component (AddParameter): Name = "Mouser Part Number"; Value = "538-48037-2200"; VariantName = "[No Variations]"
Add component (AddParameter): Name = "Package"; Value = "CONN_USB_12MM0_18MM75"; VariantName = "[No Variations]"
Add component (AddParameter): Name = "Part Number"; Value = "0480372200"; VariantName = "[No Variations]"
Add component (AddParameter): Name = "Price"; Value = "0.972849437621"; VariantName = "[No Variations]"
Add component (AddParameter): Name = "RoHS"; Value = "TRUE"; VariantName = "[No Variations]"
Add component (AddParameter): Name = "Supplier 1"; Value = "Digi-Key"; VariantName = "[No Variations]"
Add component (AddParameter): Name = "Supplier 2"; Value = "Mouser"; VariantName = "[No Variations]"
Add component (AddParameter): Name = "Supplier Part Number 1"; Value = "WM3983CT-ND"; VariantName = "[No Variations]"
Add component (AddParameter): Name = "Supplier Part Number 2"; Value = "538-48037-2200"; VariantName = "[No Variations]"
Add component (AddParameter): Name = "Temperature"; Value = "-20°C to +85°C"; VariantName = "[No Variations]"
Add component (AddParameter): Name = "Temperature Range High"; Value = "+85°C"; VariantName = "[No Variations]"
Add component (AddParameter): Name = "Temperature Range Low"; Value = "-20°C"; VariantName = "[No Variations]"
Add component (AddParameter): Name = "Voltage - Maximum"; Value = "150V AC (RMS)"; VariantName = "[No Variations]"
Added Component: Designator=XS2(DS1021-2x3S)
Add component. Clean all parameters for all variants
Add component (AddParameter): Name = "ComponentLink1Description"; Value = "Datasheet"; VariantName = "[No Variations]"
Add component (AddParameter): Name = "ComponentLink1URL"; Value = "https://static.chipdip.ru/lib/227/DOC000227157.pdf"; VariantName = "[No Variations]"
Add component (AddParameter): Name = "ComponentLink2Description"; Value = "footprint"; VariantName = "[No Variations]"
Add component (AddParameter): Name = "ComponentLink2URL"; Value = "https://www.3dcontentcentral.com/secure/download-model.aspx?catalogid=171&id=227431"; VariantName = "[No Variations]"
Added Component: Designator=XS3(B2B-XH-A)
Add component. Clean all parameters for all variants
Add component (AddParameter): Name = "Colour"; Value = "Natural"; VariantName = "[No Variations]"
Add component (AddParameter): Name = "Connector Type"; Value = "Male Pin"; VariantName = "[No Variations]"
Add component (AddParameter): Name = "Contact Material"; Value = "Brass"; VariantName = "[No Variations]"
Add component (AddParameter): Name = "Contact Plating"; Value = "Copper,Lead,Tin"; VariantName = "[No Variations]"
Add component (AddParameter): Name = "Contact Resistance"; Value = "20mR"; VariantName = "[No Variations]"
Add component (AddParameter): Name = "Current Rating"; Value = "3A"; VariantName = "[No Variations]"
Add component (AddParameter): Name = "Depth"; Value = "5.75mm"; VariantName = "[No Variations]"
Add component (AddParameter): Name = "Fastening Type"; Value = "Detent"; VariantName = "[No Variations]"
Add component (AddParameter): Name = "Housing Colour"; Value = "White"; VariantName = "[No Variations]"
Add component (AddParameter): Name = "Housing Material"; Value = "Polyamide"; VariantName = "[No Variations]"
Add component (AddParameter): Name = "Insulation Resistance"; Value = "1GR"; VariantName = "[No Variations]"
Add component (AddParameter): Name = "Lead Free"; Value = "Lead Free"; VariantName = "[No Variations]"
Add component (AddParameter): Name = "Lead Pitch"; Value = "2.5mm"; VariantName = "[No Variations]"
Add component (AddParameter): Name = "Length"; Value = "7.4mm"; VariantName = "[No Variations]"
Add component (AddParameter): Name = "Manufacturer"; Value = "JST"; VariantName = "[No Variations]"
Add component (AddParameter): Name = "Manufacturer Part Number"; Value = "B2B-XH-A(LF)(SN)"; VariantName = "[No Variations]"
Add component (AddParameter): Name = "Max Current Rating"; Value = "3A"; VariantName = "[No Variations]"
Add component (AddParameter): Name = "Max Operating Temperature"; Value = "85°C"; VariantName = "[No Variations]"
Add component (AddParameter): Name = "Max Voltage Rating (AC)"; Value = "250V"; VariantName = "[No Variations]"
Add component (AddParameter): Name = "Max Voltage Rating (DC)"; Value = "250V"; VariantName = "[No Variations]"
Add component (AddParameter): Name = "Min Operating Temperature"; Value = "-25°C"; VariantName = "[No Variations]"
Add component (AddParameter): Name = "Mount"; Value = "Through Hole"; VariantName = "[No Variations]"
Add component (AddParameter): Name = "Number of Contacts"; Value = "2"; VariantName = "[No Variations]"
Add component (AddParameter): Name = "Number of Positions"; Value = "2"; VariantName = "[No Variations]"
Add component (AddParameter): Name = "Number of Rows"; Value = "1"; VariantName = "[No Variations]"
Add component (AddParameter): Name = "Orientation"; Value = "Straight"; VariantName = "[No Variations]"
Add component (AddParameter): Name = "Packaging"; Value = "Bulk"; VariantName = "[No Variations]"
Add component (AddParameter): Name = "Pitch"; Value = "2.5mm"; VariantName = "[No Variations]"
Add component (AddParameter): Name = "Pricing 1"; Value = "1=0.15, 10=0.141, 100=0.0868, 500=0.07182, 1000=0.06284, 5000=0.05387, 10000=0.05237 (USD)"; VariantName = "[No Variations]"
Add component (AddParameter): Name = "REACH SVHC"; Value = "No SVHC"; VariantName = "[No Variations]"
Add component (AddParameter): Name = "Stock 1"; Value = "494280"; VariantName = "[No Variations]"
Add component (AddParameter): Name = "Supplier 1"; Value = "Digi-Key"; VariantName = "[No Variations]"
Add component (AddParameter): Name = "Supplier Part Number 1"; Value = "455-2247-ND"; VariantName = "[No Variations]"
Add component (AddParameter): Name = "Termination"; Value = "Solder"; VariantName = "[No Variations]"
Add component (AddParameter): Name = "Voltage Rating"; Value = "250V"; VariantName = "[No Variations]"
Add component (AddParameter): Name = "Voltage Rating (AC)"; Value = "250V"; VariantName = "[No Variations]"
Add component (AddParameter): Name = "Wire/Cable Gauge"; Value = "22AWG"; VariantName = "[No Variations]"
Add component (AddParameter): Name = "РКД Наименование"; Value = ""; VariantName = "[No Variations]"
Added Pin To Net: NetName=D+ Pin=DA1-1
Added Pin To Net: NetName=D+ Pin=DD1-21
Added Net: Name=D+
Added Pin To Net: NetName=D- Pin=DA1-3
Added Pin To Net: NetName=D- Pin=DD1-22
Added Net: Name=D-
Added Pin To Net: NetName=DIO3 Pin=DD1-3
Added Pin To Net: NetName=DIO3 Pin=DD2-8
Added Net: Name=DIO3
Added Pin To Net: NetName=DIO4 Pin=DD1-2
Added Pin To Net: NetName=DIO4 Pin=DD2-10
Added Net: Name=DIO4
Added Pin To Net: NetName=DIO5 Pin=DD1-11
Added Pin To Net: NetName=DIO5 Pin=DD2-11
Added Net: Name=DIO5
Added Pin To Net: NetName=GND Pin=BQ1-2
Added Pin To Net: NetName=GND Pin=BQ1-4
Added Pin To Net: NetName=GND Pin=C1-1
Added Pin To Net: NetName=GND Pin=C5-1
Added Pin To Net: NetName=GND Pin=C6-2
Added Pin To Net: NetName=GND Pin=C9-2
Added Pin To Net: NetName=GND Pin=C10-2
Added Pin To Net: NetName=GND Pin=C12-2
Added Pin To Net: NetName=GND Pin=C13-2
Added Pin To Net: NetName=GND Pin=DA1-2
Added Pin To Net: NetName=GND Pin=DD1-8
Added Pin To Net: NetName=GND Pin=DD1-14
Added Pin To Net: NetName=GND Pin=DD1-27
Added Pin To Net: NetName=GND Pin=DD2-1
Added Pin To Net: NetName=GND Pin=DD2-2
Added Pin To Net: NetName=GND Pin=DD2-9
Added Pin To Net: NetName=GND Pin=DD2-16
Added Pin To Net: NetName=GND Pin=SB1-1
Added Pin To Net: NetName=GND Pin=TS1-1
Added Pin To Net: NetName=GND Pin=XS1-4
Added Pin To Net: NetName=GND Pin=XS2-3
Added Pin To Net: NetName=GND Pin=XS3-2
Added Net: Name=GND
Added Pin To Net: NetName=MCLR Pin=DD1-1
Added Pin To Net: NetName=MCLR Pin=R4-1
Added Net: Name=MCLR
Added Pin To Net: NetName=NetBQ1_1 Pin=BQ1-1
Added Pin To Net: NetName=NetBQ1_1 Pin=C9-1
Added Pin To Net: NetName=NetBQ1_1 Pin=DD1-9
Added Net: Name=NetBQ1_1
Added Pin To Net: NetName=NetBQ1_3 Pin=BQ1-3
Added Pin To Net: NetName=NetBQ1_3 Pin=C10-1
Added Pin To Net: NetName=NetBQ1_3 Pin=DD1-10
Added Net: Name=NetBQ1_3
Added Pin To Net: NetName=NetC1_2 Pin=C1-2
Added Pin To Net: NetName=NetC1_2 Pin=XS1-5
Added Pin To Net: NetName=NetC1_2 Pin=XS1-6
Added Net: Name=NetC1_2
Added Pin To Net: NetName=NetDD1_7 Pin=DD1-7
Added Pin To Net: NetName=NetDD1_7 Pin=DD2-5
Added Net: Name=NetDD1_7
Added Pin To Net: NetName=NetDD1_16 Pin=DD1-16
Added Pin To Net: NetName=NetDD1_16 Pin=DD2-14
Added Net: Name=NetDD1_16
Added Pin To Net: NetName=NetDD1_17 Pin=DD1-17
Added Pin To Net: NetName=NetDD1_17 Pin=DD2-13
Added Net: Name=NetDD1_17
Added Pin To Net: NetName=NetDD1_18 Pin=DD1-18
Added Pin To Net: NetName=NetDD1_18 Pin=DD2-15
Added Net: Name=NetDD1_18
Added Pin To Net: NetName=NetDD1_24 Pin=DD1-24
Added Pin To Net: NetName=NetDD1_24 Pin=DD2-6
Added Net: Name=NetDD1_24
Added Pin To Net: NetName=NetDD1_25 Pin=DD1-25
Added Pin To Net: NetName=NetDD1_25 Pin=DD2-12
Added Net: Name=NetDD1_25
Added Pin To Net: NetName=NetDD1_26 Pin=DD1-26
Added Pin To Net: NetName=NetDD1_26 Pin=DD2-7
Added Net: Name=NetDD1_26
Added Pin To Net: NetName=NetR2_2 Pin=R2-2
Added Pin To Net: NetName=NetR2_2 Pin=XS1-3
Added Net: Name=NetR2_2
Added Pin To Net: NetName=NetR3_2 Pin=R3-2
Added Pin To Net: NetName=NetR3_2 Pin=XS1-2
Added Net: Name=NetR3_2
Added Pin To Net: NetName=PGC Pin=DD1-5
Added Pin To Net: NetName=PGC Pin=XS2-5
Added Net: Name=PGC
Added Pin To Net: NetName=PGD Pin=DD1-4
Added Pin To Net: NetName=PGD Pin=XS2-4
Added Net: Name=PGD
Added Pin To Net: NetName=RESET_LoRa Pin=DD1-12
Added Pin To Net: NetName=RESET_LoRa Pin=DD2-4
Added Net: Name=RESET_LoRa
Added Pin To Net: NetName=TX Pin=DD1-6
Added Pin To Net: NetName=TX Pin=XS3-1
Added Net: Name=TX
Added Pin To Net: NetName=USB1_N Pin=DA1-4
Added Pin To Net: NetName=USB1_N Pin=R3-1
Added Net: Name=USB1_N
Added Pin To Net: NetName=USB1_P Pin=DA1-6
Added Pin To Net: NetName=USB1_P Pin=R2-1
Added Net: Name=USB1_P
Added Pin To Net: NetName=V3.3 Pin=C5-2
Added Pin To Net: NetName=V3.3 Pin=C12-1
Added Pin To Net: NetName=V3.3 Pin=C13-1
Added Pin To Net: NetName=V3.3 Pin=DD1-13
Added Pin To Net: NetName=V3.3 Pin=DD1-20
Added Pin To Net: NetName=V3.3 Pin=DD1-23
Added Pin To Net: NetName=V3.3 Pin=DD1-28
Added Pin To Net: NetName=V3.3 Pin=DD2-3
Added Pin To Net: NetName=V3.3 Pin=R5-1
Added Pin To Net: NetName=V3.3 Pin=TS1-2
Added Net: Name=V3.3
Added Pin To Net: NetName=VBUS Pin=C6-1
Added Pin To Net: NetName=VBUS Pin=DA1-5
Added Pin To Net: NetName=VBUS Pin=DD1-15
Added Pin To Net: NetName=VBUS Pin=TS1-3
Added Pin To Net: NetName=VBUS Pin=XS1-1
Added Net: Name=VBUS
Added Pin To Net: NetName=VDD_prog Pin=XS2-2
Added Net: Name=VDD_prog
Added Pin To Net: NetName=VPP Pin=R4-2
Added Pin To Net: NetName=VPP Pin=R5-2
Added Pin To Net: NetName=VPP Pin=SB1-2
Added Pin To Net: NetName=VPP Pin=XS2-1
Added Net: Name=VPP
Added Member To Class: ClassName=LoraPic Member=Component BQ1 NX2520SA
Added Member To Class: ClassName=LoraPic Member=Component C1 GRM1887U1H472JA01D
Added Member To Class: ClassName=LoraPic Member=Component C5 GRM188R61E106MA73D
Added Member To Class: ClassName=LoraPic Member=Component C6 GRM188R71H104KA93D
Added Member To Class: ClassName=LoraPic Member=Component C9 GRM1885C1H510JA01D
Added Member To Class: ClassName=LoraPic Member=Component C10 GRM1885C2A150JA01D
Added Member To Class: ClassName=LoraPic Member=Component C12 GRM188R71H104KA93D
Added Member To Class: ClassName=LoraPic Member=Component C13 GRM188R71H104KA93D
Added Member To Class: ClassName=LoraPic Member=Component DA1 USBLC6-2SC6
Added Member To Class: ClassName=LoraPic Member=Component DD1 PIC24FJ128GB202-I-SO
Added Member To Class: ClassName=LoraPic Member=Component DD2 RA-02 SX1278
Added Member To Class: ClassName=LoraPic Member=Component R2 RC0603FR-0768RL
Added Member To Class: ClassName=LoraPic Member=Component R3 RC0603FR-0768RL
Added Member To Class: ClassName=LoraPic Member=Component R4 100 ом до 470
Added Member To Class: ClassName=LoraPic Member=Component R5 RC0603FR-0710KL
Added Member To Class: ClassName=LoraPic Member=Component SB1 1437566-3 (FSMSM)
Added Member To Class: ClassName=LoraPic Member=Component TS1 LD1117S33CTR
Added Member To Class: ClassName=LoraPic Member=Component XS1 Conn_Molex_0480372200_eec
Added Member To Class: ClassName=LoraPic Member=Component XS2 DS1021-2x3S
Added Member To Class: ClassName=LoraPic Member=Component XS3 DS1066-02M(MW-2M)
Added Room: Name=LoraPic
