Removed Pin From Net: NetName=NetR1_2 Pin=X1-2
Removed Pin From Net: NetName=NetR2_2 Pin=X1-3
Removed Pin From Net: NetName=NetDD1_37 Pin=X1-4
Removed Pin From Net: NetName=GND Pin=X1-5
Removed Member From Class: ClassName=LoraSTM32 Member=X1
Change Component Comment : Designator=C4 Old Comment=* New Comment=GRM188R72A104KA35D
Change component parameters: Designator = "C7"; Footprint = "CAPC1608X09L"; UniqueID = "\LCDMEQPM"
Change component parameters. Clean all parameters for all variants
Change component parameters (AddParameter): Name = "GRM188R61E106M"; Value = "10u"; VariantName = "[No Variations]"
Change component parameters (AddParameter): Name = "PartNo"; Value = ""; VariantName = "[No Variations]"
Change component parameters (AddParameter): Name = "Supplier 1"; Value = ""; VariantName = "[No Variations]"
Change component parameters (AddParameter): Name = "Supplier Part Number 1"; Value = ""; VariantName = "[No Variations]"
Change component parameters (AddParameter): Name = "Tolerance"; Value = "±10%"; VariantName = "[No Variations]"
Change component parameters (AddParameter): Name = "Type"; Value = ""; VariantName = "[No Variations]"
Change component parameters (AddParameter): Name = "Voltage"; Value = ""; VariantName = "[No Variations]"
Change component parameters (AddParameter): Name = "РКД Наименование"; Value = "CC1608M - NP0 - 16 V - 10 nF ±10%"; VariantName = "[No Variations]"
Change component parameters (AddParameter): Name = "ТКЕ"; Value = "X7R"; VariantName = "[No Variations]"
Change component parameters: Designator = "C1"; Footprint = "CAPC1608X09L"; UniqueID = "\OVVNZAVZ"
Change component parameters. Clean all parameters for all variants
Change component parameters (AddParameter): Name = "GRM188R71H104K"; Value = "100nF"; VariantName = "[No Variations]"
Change component parameters (AddParameter): Name = "PartNo"; Value = ""; VariantName = "[No Variations]"
Change component parameters (AddParameter): Name = "Supplier 1"; Value = ""; VariantName = "[No Variations]"
Change component parameters (AddParameter): Name = "Supplier Part Number 1"; Value = ""; VariantName = "[No Variations]"
Change component parameters (AddParameter): Name = "Tolerance"; Value = "±10%"; VariantName = "[No Variations]"
Change component parameters (AddParameter): Name = "Type"; Value = ""; VariantName = "[No Variations]"
Change component parameters (AddParameter): Name = "Voltage"; Value = ""; VariantName = "[No Variations]"
Change component parameters (AddParameter): Name = "РКД Наименование"; Value = "CC1608M - NP0 - 16 V - 10 nF ±10%"; VariantName = "[No Variations]"
Change component parameters (AddParameter): Name = "ТКЕ"; Value = "X7R"; VariantName = "[No Variations]"
Change component parameters: Designator = "C4"; Footprint = "CAPC1608X09L"; UniqueID = "\WZUWVMYF"
Change component parameters. Clean all parameters for all variants
Change component parameters (AddParameter): Name = "GRM188R71H104K"; Value = "100nF"; VariantName = "[No Variations]"
Change component parameters (AddParameter): Name = "PartNo"; Value = ""; VariantName = "[No Variations]"
Change component parameters (AddParameter): Name = "Supplier 1"; Value = ""; VariantName = "[No Variations]"
Change component parameters (AddParameter): Name = "Supplier Part Number 1"; Value = ""; VariantName = "[No Variations]"
Change component parameters (AddParameter): Name = "Tolerance"; Value = "±10%"; VariantName = "[No Variations]"
Change component parameters (AddParameter): Name = "Type"; Value = ""; VariantName = "[No Variations]"
Change component parameters (AddParameter): Name = "Voltage"; Value = ""; VariantName = "[No Variations]"
Change component parameters (AddParameter): Name = "РКД Наименование"; Value = "CC1608M - NP0 - 16 V - 10 nF ±10%"; VariantName = "[No Variations]"
Change component parameters (AddParameter): Name = "ТКЕ"; Value = "X7R"; VariantName = "[No Variations]"
Change component parameters: Designator = "C5"; Footprint = "CAPC1608X09L"; UniqueID = "\VWHALLFK"
Change component parameters. Clean all parameters for all variants
Change component parameters (AddParameter): Name = "GRM188R71H104K"; Value = "100nF"; VariantName = "[No Variations]"
Change component parameters (AddParameter): Name = "PartNo"; Value = ""; VariantName = "[No Variations]"
Change component parameters (AddParameter): Name = "Supplier 1"; Value = ""; VariantName = "[No Variations]"
Change component parameters (AddParameter): Name = "Supplier Part Number 1"; Value = ""; VariantName = "[No Variations]"
Change component parameters (AddParameter): Name = "Tolerance"; Value = "±10%"; VariantName = "[No Variations]"
Change component parameters (AddParameter): Name = "Type"; Value = ""; VariantName = "[No Variations]"
Change component parameters (AddParameter): Name = "Voltage"; Value = ""; VariantName = "[No Variations]"
Change component parameters (AddParameter): Name = "РКД Наименование"; Value = "CC1608M - NP0 - 16 V - 10 nF ±10%"; VariantName = "[No Variations]"
Change component parameters (AddParameter): Name = "ТКЕ"; Value = "X7R"; VariantName = "[No Variations]"
Change component parameters: Designator = "C6"; Footprint = "CAPC1608X09L"; UniqueID = "\VHNJTSYQ"
Change component parameters. Clean all parameters for all variants
Change component parameters (AddParameter): Name = "GRM188R71H104K"; Value = "100n"; VariantName = "[No Variations]"
Change component parameters (AddParameter): Name = "PartNo"; Value = ""; VariantName = "[No Variations]"
Change component parameters (AddParameter): Name = "Supplier 1"; Value = ""; VariantName = "[No Variations]"
Change component parameters (AddParameter): Name = "Supplier Part Number 1"; Value = ""; VariantName = "[No Variations]"
Change component parameters (AddParameter): Name = "Tolerance"; Value = "±10%"; VariantName = "[No Variations]"
Change component parameters (AddParameter): Name = "Type"; Value = ""; VariantName = "[No Variations]"
Change component parameters (AddParameter): Name = "Voltage"; Value = ""; VariantName = "[No Variations]"
Change component parameters (AddParameter): Name = "РКД Наименование"; Value = "CC1608M - NP0 - 16 V - 10 nF ±10%"; VariantName = "[No Variations]"
Change component parameters (AddParameter): Name = "ТКЕ"; Value = "X7R"; VariantName = "[No Variations]"
Change component parameters: Designator = "C8"; Footprint = "CAPC1608X09L"; UniqueID = "\XOXEMASO"
Change component parameters. Clean all parameters for all variants
Change component parameters (AddParameter): Name = "GRM188R71H104K"; Value = "100nF"; VariantName = "[No Variations]"
Change component parameters (AddParameter): Name = "PartNo"; Value = ""; VariantName = "[No Variations]"
Change component parameters (AddParameter): Name = "Supplier 1"; Value = ""; VariantName = "[No Variations]"
Change component parameters (AddParameter): Name = "Supplier Part Number 1"; Value = ""; VariantName = "[No Variations]"
Change component parameters (AddParameter): Name = "Tolerance"; Value = "±10%"; VariantName = "[No Variations]"
Change component parameters (AddParameter): Name = "Type"; Value = ""; VariantName = "[No Variations]"
Change component parameters (AddParameter): Name = "Voltage"; Value = ""; VariantName = "[No Variations]"
Change component parameters (AddParameter): Name = "РКД Наименование"; Value = "CC1608M - NP0 - 16 V - 10 nF ±10%"; VariantName = "[No Variations]"
Change component parameters (AddParameter): Name = "ТКЕ"; Value = "X7R"; VariantName = "[No Variations]"
Change component parameters: Designator = "C9"; Footprint = "CAPC1608X09L"; UniqueID = "\GFLYMDTT"
Change component parameters. Clean all parameters for all variants
Change component parameters (AddParameter): Name = "GRM1885C1H240J"; Value = "24pF"; VariantName = "[No Variations]"
Change component parameters (AddParameter): Name = "PartNo"; Value = ""; VariantName = "[No Variations]"
Change component parameters (AddParameter): Name = "Supplier 1"; Value = ""; VariantName = "[No Variations]"
Change component parameters (AddParameter): Name = "Supplier Part Number 1"; Value = ""; VariantName = "[No Variations]"
Change component parameters (AddParameter): Name = "Tolerance"; Value = "±10%"; VariantName = "[No Variations]"
Change component parameters (AddParameter): Name = "Type"; Value = ""; VariantName = "[No Variations]"
Change component parameters (AddParameter): Name = "Voltage"; Value = ""; VariantName = "[No Variations]"
Change component parameters (AddParameter): Name = "РКД Наименование"; Value = "CC1608M - NP0 - 16 V - 10 nF ±10%"; VariantName = "[No Variations]"
Change component parameters (AddParameter): Name = "ТКЕ"; Value = "X7R"; VariantName = "[No Variations]"
Change component parameters: Designator = "C10"; Footprint = "CAPC1608X09L"; UniqueID = "\LVHPPCJJ"
Change component parameters. Clean all parameters for all variants
Change component parameters (AddParameter): Name = "GRM1887U1H472JA01D"; Value = "24pF"; VariantName = "[No Variations]"
Change component parameters (AddParameter): Name = "PartNo"; Value = ""; VariantName = "[No Variations]"
Change component parameters (AddParameter): Name = "Supplier 1"; Value = ""; VariantName = "[No Variations]"
Change component parameters (AddParameter): Name = "Supplier Part Number 1"; Value = ""; VariantName = "[No Variations]"
Change component parameters (AddParameter): Name = "Tolerance"; Value = "±10%"; VariantName = "[No Variations]"
Change component parameters (AddParameter): Name = "Type"; Value = ""; VariantName = "[No Variations]"
Change component parameters (AddParameter): Name = "Voltage"; Value = ""; VariantName = "[No Variations]"
Change component parameters (AddParameter): Name = "РКД Наименование"; Value = "CC1608M - NP0 - 16 V - 10 nF ±10%"; VariantName = "[No Variations]"
Change component parameters (AddParameter): Name = "ТКЕ"; Value = "X7R"; VariantName = "[No Variations]"
Change component parameters: Designator = "C2"; Footprint = "CAPMP3216X16N-A"; UniqueID = "\BZWLCDOE"
Change component parameters. Clean all parameters for all variants
Change component parameters (AddParameter): Name = "PartNo"; Value = ""; VariantName = "[No Variations]"
Change component parameters (AddParameter): Name = "Supplier 1"; Value = ""; VariantName = "[No Variations]"
Change component parameters (AddParameter): Name = "Supplier Part Number 1"; Value = ""; VariantName = "[No Variations]"
Change component parameters (AddParameter): Name = "TECAP1/16VA10"; Value = "1uF"; VariantName = "[No Variations]"
Change component parameters (AddParameter): Name = "Type"; Value = ""; VariantName = "[No Variations]"
Change component parameters (AddParameter): Name = "Voltage"; Value = "6.3V"; VariantName = "[No Variations]"
Change component parameters: Designator = "C3"; Footprint = "CAPMP3216X16N-A"; UniqueID = "\SUDJDYTP"
Change component parameters. Clean all parameters for all variants
Change component parameters (AddParameter): Name = "PartNo"; Value = ""; VariantName = "[No Variations]"
Change component parameters (AddParameter): Name = "Supplier 1"; Value = ""; VariantName = "[No Variations]"
Change component parameters (AddParameter): Name = "Supplier Part Number 1"; Value = ""; VariantName = "[No Variations]"
Change component parameters (AddParameter): Name = "TECAP10/10VA10"; Value = "10uF"; VariantName = "[No Variations]"
Change component parameters (AddParameter): Name = "Type"; Value = ""; VariantName = "[No Variations]"
Change component parameters (AddParameter): Name = "Voltage"; Value = "6.3V"; VariantName = "[No Variations]"
Added Component: Designator=XS1(BM06B-GH)
Add component. Clean all parameters for all variants
Add component (AddParameter): Name = "Colour"; Value = "Natural"; VariantName = "[No Variations]"
Add component (AddParameter): Name = "ComponentLink1Description"; Value = "http://www.jst-mfg.com/product/pdf/eng/eGH.pdf"; VariantName = "[No Variations]"
Add component (AddParameter): Name = "ComponentLink1URL"; Value = "http://www.jst-mfg.com/product/pdf/eng/eGH.pdf"; VariantName = "[No Variations]"
Add component (AddParameter): Name = "Connector Type"; Value = "Outer Shroud Contact"; VariantName = "[No Variations]"
Add component (AddParameter): Name = "Contact Material"; Value = "Bronze"; VariantName = "[No Variations]"
Add component (AddParameter): Name = "Contact Plating"; Value = "Copper,Tin"; VariantName = "[No Variations]"
Add component (AddParameter): Name = "Contact Resistance"; Value = "50mR"; VariantName = "[No Variations]"
Add component (AddParameter): Name = "Depth"; Value = "4.25mm"; VariantName = "[No Variations]"
Add component (AddParameter): Name = "Fastening Type"; Value = "Ramp"; VariantName = "[No Variations]"
Add component (AddParameter): Name = "Housing Colour"; Value = "Beige"; VariantName = "[No Variations]"
Add component (AddParameter): Name = "Housing Material"; Value = "Polyamide"; VariantName = "[No Variations]"
Add component (AddParameter): Name = "Lead Free"; Value = "Lead Free"; VariantName = "[No Variations]"
Add component (AddParameter): Name = "Length"; Value = "10.75mm"; VariantName = "[No Variations]"
Add component (AddParameter): Name = "Manufacturer"; Value = "JST"; VariantName = "[No Variations]"
Add component (AddParameter): Name = "Manufacturer Part Number"; Value = "BM06B-GHS-TBT(LF)(SN)(N)"; VariantName = "[No Variations]"
Add component (AddParameter): Name = "Max Current Rating"; Value = "1A"; VariantName = "[No Variations]"
Add component (AddParameter): Name = "Max Operating Temperature"; Value = "85°C"; VariantName = "[No Variations]"
Add component (AddParameter): Name = "Max Voltage Rating (AC)"; Value = "50V"; VariantName = "[No Variations]"
Add component (AddParameter): Name = "Min Operating Temperature"; Value = "-25°C"; VariantName = "[No Variations]"
Add component (AddParameter): Name = "Mount"; Value = "Surface Mount"; VariantName = "[No Variations]"
Add component (AddParameter): Name = "Number of Positions"; Value = "6"; VariantName = "[No Variations]"
Add component (AddParameter): Name = "Number of Rows"; Value = "1"; VariantName = "[No Variations]"
Add component (AddParameter): Name = "Orientation"; Value = "Straight"; VariantName = "[No Variations]"
Add component (AddParameter): Name = "Packaging"; Value = "Tape and Reel"; VariantName = "[No Variations]"
Add component (AddParameter): Name = "PartNo"; Value = "BM06B-GHS-TBT(LF)(SN)(N)"; VariantName = "[No Variations]"
Add component (AddParameter): Name = "Pitch"; Value = "0.049inch"; VariantName = "[No Variations]"
Add component (AddParameter): Name = "Pricing 1"; Value = "1=0.56, 10=0.524, 100=0.4019, 500=0.34948, 1000=0.28832 (USD)"; VariantName = "[No Variations]"
Add component (AddParameter): Name = "Stock 1"; Value = "44065"; VariantName = "[No Variations]"
Add component (AddParameter): Name = "Supplier 1"; Value = "Digi-Key"; VariantName = "[No Variations]"
Add component (AddParameter): Name = "Supplier Part Number 1"; Value = "455-1582-1-ND"; VariantName = "[No Variations]"
Add component (AddParameter): Name = "Termination"; Value = "Solder"; VariantName = "[No Variations]"
Added Pin To Net: NetName=NetR1_2 Pin=XS1-2
Added Pin To Net: NetName=NetR2_2 Pin=XS1-3
Added Pin To Net: NetName=NetDD1_37 Pin=XS1-4
Added Pin To Net: NetName=GND Pin=XS1-5
Added Member To Class: ClassName=LoraSTM32 Member=Component XS1 DS1021-2X3S
Added Room: Name=LoraSTM32
